#
# There is insufficient memory for the Java Runtime Environment to continue.
# Native memory allocation (malloc) failed to allocate 1180416 bytes for Chunk::new
# Possible reasons:
#   The system is out of physical RAM or swap space
#   The process is running with CompressedOops enabled, and the Java Heap may be blocking the growth of the native heap
# Possible solutions:
#   Reduce memory load on the system
#   Increase physical memory or swap space
#   Check if swap backing store is full
#   Decrease Java heap size (-Xmx/-Xms)
#   Decrease number of Java threads
#   Decrease Java thread stack sizes (-Xss)
#   Set larger code cache with -XX:ReservedCodeCacheSize=
#   JVM is running with Unscaled Compressed Oops mode in which the Java heap is
#     placed in the first 4GB address space. The Java Heap base address is the
#     maximum limit for the native heap growth. Please use -XX:HeapBaseMinAddress
#     to set the Java Heap base and to place the Java Heap above 4GB virtual address.
# This output file may be truncated or incomplete.
#
#  Out of Memory Error (allocation.cpp:389), pid=5356, tid=0x00000000000040f0
#
# JRE version: OpenJDK Runtime Environment (8.0_242-b01) (build 1.8.0_242-release-1644-b01)
# Java VM: OpenJDK 64-Bit Server VM (25.242-b01 mixed mode windows-amd64 compressed oops)
# Failed to write core dump. Minidumps are not enabled by default on client versions of Windows
#

---------------  T H R E A D  ---------------

Current thread (0x00000000182f9000):  JavaThread "C2 CompilerThread1" daemon [_thread_in_native, id=16624, stack(0x0000000018cf0000,0x0000000018df0000)]

Stack: [0x0000000018cf0000,0x0000000018df0000]
[error occurred during error reporting (printing stack bounds), id 0xc0000005]

Native frames: (J=compiled Java code, j=interpreted, Vv=VM code, C=native code)


Current CompileTask:
C2:  74082 9616       4       org.gradle.tooling.internal.adapter.ProtocolToModelAdapter$SupportedPropertyInvoker::invoke (154 bytes)


---------------  P R O C E S S  ---------------

Java Threads: ( => current thread )
  0x000000001c805800 JavaThread "Memory manager" [_thread_blocked, id=21960, stack(0x00000000245a0000,0x00000000246a0000)]
  0x000000001c807800 JavaThread "Cache worker for Build Output Cleanup Cache (C:\Users\Kency\OneDrive\Documents\ISIS\FIE4\Android\Dices\.gradle\buildOutputCleanup)" [_thread_blocked, id=15332, stack(0x00000000228d0000,0x00000000229d0000)]
  0x000000001c807000 JavaThread "Build operations Thread 8" [_thread_blocked, id=12600, stack(0x00000000221d0000,0x00000000222d0000)]
  0x000000001c802000 JavaThread "Build operations Thread 7" [_thread_blocked, id=548, stack(0x00000000220d0000,0x00000000221d0000)]
  0x000000001c806000 JavaThread "Build operations Thread 6" [_thread_blocked, id=22148, stack(0x0000000021fd0000,0x00000000220d0000)]
  0x000000001c801800 JavaThread "Build operations Thread 5" [_thread_blocked, id=21696, stack(0x0000000021ed0000,0x0000000021fd0000)]
  0x000000001c808800 JavaThread "Build operations Thread 4" [_thread_blocked, id=9100, stack(0x0000000021dd0000,0x0000000021ed0000)]
  0x000000001c7fa000 JavaThread "Build operations Thread 3" [_thread_blocked, id=6388, stack(0x0000000021cd0000,0x0000000021dd0000)]
  0x000000001c800800 JavaThread "Build operations Thread 2" [_thread_blocked, id=9372, stack(0x0000000021bd0000,0x0000000021cd0000)]
  0x000000001c7f9000 JavaThread "Build operations" [_thread_blocked, id=12076, stack(0x0000000021ad0000,0x0000000021bd0000)]
  0x000000001c7fd000 JavaThread "Cache worker for execution history cache (C:\Users\Kency\.gradle\caches\5.4.1\executionHistory)" [_thread_blocked, id=22088, stack(0x000000001fd90000,0x000000001fe90000)]
  0x000000001c800000 JavaThread "Cache worker for cache directory md-rule (C:\Users\Kency\.gradle\caches\5.4.1\md-rule)" [_thread_blocked, id=22192, stack(0x000000001f230000,0x000000001f330000)]
  0x000000001c7fe800 JavaThread "Cache worker for cache directory md-supplier (C:\Users\Kency\.gradle\caches\5.4.1\md-supplier)" [_thread_blocked, id=11040, stack(0x00000000009d0000,0x0000000000ad0000)]
  0x0000000018306800 JavaThread "Cache worker for file hash cache (C:\Users\Kency\OneDrive\Documents\ISIS\FIE4\Android\Dices\.gradle\5.4.1\fileHashes)" [_thread_blocked, id=15040, stack(0x000000001e110000,0x000000001e210000)]
  0x0000000018302000 JavaThread "Cache worker for journal cache (C:\Users\Kency\.gradle\caches\journal-1)" [_thread_blocked, id=19748, stack(0x000000001c070000,0x000000001c170000)]
  0x0000000018305000 JavaThread "File lock request listener" [_thread_in_native, id=18320, stack(0x000000001bd70000,0x000000001be70000)]
  0x00000000196d5000 JavaThread "Cache worker for file hash cache (C:\Users\Kency\.gradle\caches\5.4.1\fileHashes)" [_thread_blocked, id=4608, stack(0x000000001bc70000,0x000000001bd70000)]
  0x000000001858a800 JavaThread "Thread-9" [_thread_blocked, id=6864, stack(0x000000001bb70000,0x000000001bc70000)]
  0x00000000185af800 JavaThread "Stdin handler" [_thread_blocked, id=7224, stack(0x000000001ba70000,0x000000001bb70000)]
  0x00000000185aa800 JavaThread "Asynchronous log dispatcher for DefaultDaemonConnection: socket connection from /127.0.0.1:61405 to /127.0.0.1:61407" [_thread_blocked, id=20840, stack(0x000000001b970000,0x000000001ba70000)]
  0x0000000019764000 JavaThread "Daemon worker" [_thread_in_vm, id=9172, stack(0x000000001b870000,0x000000001b970000)]
  0x00000000197a2800 JavaThread "Cancel handler" [_thread_blocked, id=2576, stack(0x000000001b770000,0x000000001b870000)]
  0x000000001a64e000 JavaThread "Handler for socket connection from /127.0.0.1:61405 to /127.0.0.1:61407" [_thread_in_native, id=19872, stack(0x000000001b470000,0x000000001b570000)]
  0x000000001a649000 JavaThread "Daemon" [_thread_blocked, id=17348, stack(0x000000001b370000,0x000000001b470000)]
  0x000000001958e000 JavaThread "Daemon periodic checks" [_thread_blocked, id=21488, stack(0x000000001b270000,0x000000001b370000)]
  0x00000000198bb000 JavaThread "Incoming local TCP Connector on port 61405" [_thread_in_native, id=5020, stack(0x000000001b000000,0x000000001b100000)]
  0x000000001a050000 JavaThread "Daemon health stats" [_thread_blocked, id=19960, stack(0x000000001a9c0000,0x000000001aac0000)]
  0x0000000018386000 JavaThread "Service Thread" daemon [_thread_blocked, id=20076, stack(0x0000000018ff0000,0x00000000190f0000)]
  0x0000000018303800 JavaThread "C1 CompilerThread3" daemon [_thread_in_native, id=20028, stack(0x0000000018ef0000,0x0000000018ff0000)]
  0x0000000018303000 JavaThread "C2 CompilerThread2" daemon [_thread_in_native, id=13148, stack(0x0000000018df0000,0x0000000018ef0000)]
=>0x00000000182f9000 JavaThread "C2 CompilerThread1" daemon [_thread_in_native, id=16624, stack(0x0000000018cf0000,0x0000000018df0000)]
  0x00000000182f2000 JavaThread "C2 CompilerThread0" daemon [_thread_in_vm, id=4468, stack(0x0000000018bf0000,0x0000000018cf0000)]
  0x00000000182f1000 JavaThread "Attach Listener" daemon [_thread_blocked, id=20744, stack(0x0000000018af0000,0x0000000018bf0000)]
  0x00000000182f5800 JavaThread "Signal Dispatcher" daemon [_thread_blocked, id=18040, stack(0x00000000189f0000,0x0000000018af0000)]
  0x000000000272e000 JavaThread "Finalizer" daemon [_thread_blocked, id=8532, stack(0x00000000187c0000,0x00000000188c0000)]
  0x0000000002727000 JavaThread "Reference Handler" daemon [_thread_blocked, id=16944, stack(0x00000000186c0000,0x00000000187c0000)]
  0x000000000252d800 JavaThread "main" [_thread_blocked, id=18420, stack(0x0000000002530000,0x0000000002630000)]

Other Threads:
  0x00000000164e6000 VMThread [stack: 0x00000000181c0000,0x00000000182c0000] [id=8152]
  0x0000000018386800 WatcherThread [stack: 0x00000000190f0000,0x00000000191f0000] [id=21968]

VM state:not at safepoint (normal execution)

VM Mutex/Monitor currently owned by a thread:  ([mutex/lock_event])
[0x000000000252c2f0] CodeCache_lock - owner thread: 0x0000000018303800
[0x0000000002630250] CompiledIC_lock - owner thread: 0x00000000182f2000

heap address: 0x00000000a0000000, size: 1536 MB, Compressed Oops mode: 32-bit
Narrow klass base: 0x0000000000000000, Narrow klass shift: 3
Compressed class space size: 1073741824 Address: 0x0000000100000000

Heap:
 PSYoungGen      total 120832K, used 105989K [0x00000000e0000000, 0x00000000e9900000, 0x0000000100000000)
  eden space 104448K, 85% used [0x00000000e0000000,0x00000000e57835e0,0x00000000e6600000)
  from space 16384K, 99% used [0x00000000e6600000,0x00000000e75fde38,0x00000000e7600000)
  to   space 19968K, 0% used [0x00000000e8580000,0x00000000e8580000,0x00000000e9900000)
 ParOldGen       total 83456K, used 38425K [0x00000000a0000000, 0x00000000a5180000, 0x00000000e0000000)
  object space 83456K, 46% used [0x00000000a0000000,0x00000000a25867a0,0x00000000a5180000)
 Metaspace       used 78752K, capacity 82034K, committed 82176K, reserved 1120256K
  class space    used 10523K, capacity 11177K, committed 11264K, reserved 1048576K

Card table byte_map: [0x0000000011af0000,0x0000000011e00000] byte_map_base: 0x00000000115f0000

Marking Bits: (ParMarkBitMap*) 0x000000005632f030
 Begin Bits: [0x0000000012800000, 0x0000000014000000)
 End Bits:   [0x0000000014000000, 0x0000000015800000)

Polling page: 0x00000000006a0000

CodeCache: size=245760Kb used=28025Kb max_used=28037Kb free=217734Kb
 bounds [0x0000000002730000, 0x00000000042b0000, 0x0000000011730000]
 total_blobs=9378 nmethods=8501 adapters=790
 compilation: enabled

Compilation events (10 events):
Event: 73.848 Thread 0x0000000018303800 9651       3       java.util.Dictionary::<init> (5 bytes)
Event: 73.849 Thread 0x0000000018303800 nmethod 9651 0x00000000042759d0 code [0x0000000004275b40, 0x0000000004275cf0]
Event: 73.849 Thread 0x0000000018303800 9649       3       java.io.Bits::putInt (36 bytes)
Event: 73.849 Thread 0x0000000018303800 nmethod 9649 0x0000000004275dd0 code [0x0000000004275f40, 0x0000000004276110]
Event: 73.900 Thread 0x0000000018303800 9652       3       java.io.ObjectStreamField::compareTo (40 bytes)
Event: 73.902 Thread 0x0000000018303800 nmethod 9652 0x0000000004276250 code [0x0000000004276440, 0x0000000004276e68]
Event: 73.976 Thread 0x0000000018303800 9654   !   3       java.io.ObjectStreamClass::lookup (335 bytes)
Event: 73.987 Thread 0x0000000018303800 nmethod 9654 0x00000000042773d0 code [0x00000000042778a0, 0x000000000427ae28]
Event: 73.988 Thread 0x0000000018303800 9655       1       org.gradle.internal.serialize.ExceptionReplacingObjectOutputStream::getObjectTransformer (5 bytes)
Event: 73.990 Thread 0x0000000018303800 nmethod 9655 0x000000000427c410 code [0x000000000427c560, 0x000000000427c670]

GC Heap History (10 events):
Event: 54.589 GC heap before
{Heap before GC invocations=18 (full 2):
 PSYoungGen      total 95744K, used 82047K [0x00000000e0000000, 0x00000000e7a00000, 0x0000000100000000)
  eden space 84480K, 84% used [0x00000000e0000000,0x00000000e45cac68,0x00000000e5280000)
  from space 11264K, 93% used [0x00000000e5280000,0x00000000e5cd5198,0x00000000e5d80000)
  to   space 12800K, 0% used [0x00000000e6d80000,0x00000000e6d80000,0x00000000e7a00000)
 ParOldGen       total 49152K, used 27915K [0x00000000a0000000, 0x00000000a3000000, 0x00000000e0000000)
  object space 49152K, 56% used [0x00000000a0000000,0x00000000a1b42c98,0x00000000a3000000)
 Metaspace       used 57314K, capacity 59068K, committed 59160K, reserved 1099776K
  class space    used 7620K, capacity 8012K, committed 8064K, reserved 1048576K
Event: 54.612 GC heap after
Heap after GC invocations=18 (full 2):
 PSYoungGen      total 109568K, used 12781K [0x00000000e0000000, 0x00000000e7d00000, 0x0000000100000000)
  eden space 96768K, 0% used [0x00000000e0000000,0x00000000e0000000,0x00000000e5e80000)
  from space 12800K, 99% used [0x00000000e6d80000,0x00000000e79fb790,0x00000000e7a00000)
  to   space 15360K, 0% used [0x00000000e5e80000,0x00000000e5e80000,0x00000000e6d80000)
 ParOldGen       total 49152K, used 30290K [0x00000000a0000000, 0x00000000a3000000, 0x00000000e0000000)
  object space 49152K, 61% used [0x00000000a0000000,0x00000000a1d94ba8,0x00000000a3000000)
 Metaspace       used 57314K, capacity 59068K, committed 59160K, reserved 1099776K
  class space    used 7620K, capacity 8012K, committed 8064K, reserved 1048576K
}
Event: 54.612 GC heap before
{Heap before GC invocations=19 (full 3):
 PSYoungGen      total 109568K, used 12781K [0x00000000e0000000, 0x00000000e7d00000, 0x0000000100000000)
  eden space 96768K, 0% used [0x00000000e0000000,0x00000000e0000000,0x00000000e5e80000)
  from space 12800K, 99% used [0x00000000e6d80000,0x00000000e79fb790,0x00000000e7a00000)
  to   space 15360K, 0% used [0x00000000e5e80000,0x00000000e5e80000,0x00000000e6d80000)
 ParOldGen       total 49152K, used 30290K [0x00000000a0000000, 0x00000000a3000000, 0x00000000e0000000)
  object space 49152K, 61% used [0x00000000a0000000,0x00000000a1d94ba8,0x00000000a3000000)
 Metaspace       used 57314K, capacity 59068K, committed 59160K, reserved 1099776K
  class space    used 7620K, capacity 8012K, committed 8064K, reserved 1048576K
Event: 55.178 GC heap after
Heap after GC invocations=19 (full 3):
 PSYoungGen      total 109568K, used 0K [0x00000000e0000000, 0x00000000e7d00000, 0x0000000100000000)
  eden space 96768K, 0% used [0x00000000e0000000,0x00000000e0000000,0x00000000e5e80000)
  from space 12800K, 0% used [0x00000000e6d80000,0x00000000e6d80000,0x00000000e7a00000)
  to   space 15360K, 0% used [0x00000000e5e80000,0x00000000e5e80000,0x00000000e6d80000)
 ParOldGen       total 83456K, used 35068K [0x00000000a0000000, 0x00000000a5180000, 0x00000000e0000000)
  object space 83456K, 42% used [0x00000000a0000000,0x00000000a223f288,0x00000000a5180000)
 Metaspace       used 57314K, capacity 59068K, committed 59160K, reserved 1099776K
  class space    used 7620K, capacity 8012K, committed 8064K, reserved 1048576K
}
Event: 59.607 GC heap before
{Heap before GC invocations=20 (full 3):
 PSYoungGen      total 109568K, used 96768K [0x00000000e0000000, 0x00000000e7d00000, 0x0000000100000000)
  eden space 96768K, 100% used [0x00000000e0000000,0x00000000e5e80000,0x00000000e5e80000)
  from space 12800K, 0% used [0x00000000e6d80000,0x00000000e6d80000,0x00000000e7a00000)
  to   space 15360K, 0% used [0x00000000e5e80000,0x00000000e5e80000,0x00000000e6d80000)
 ParOldGen       total 83456K, used 35068K [0x00000000a0000000, 0x00000000a5180000, 0x00000000e0000000)
  object space 83456K, 42% used [0x00000000a0000000,0x00000000a223f288,0x00000000a5180000)
 Metaspace       used 63962K, capacity 66068K, committed 66176K, reserved 1105920K
  class space    used 8584K, capacity 9048K, committed 9088K, reserved 1048576K
Event: 59.619 GC heap after
Heap after GC invocations=20 (full 3):
 PSYoungGen      total 112128K, used 8754K [0x00000000e0000000, 0x00000000e8500000, 0x0000000100000000)
  eden space 96768K, 0% used [0x00000000e0000000,0x00000000e0000000,0x00000000e5e80000)
  from space 15360K, 56% used [0x00000000e5e80000,0x00000000e670cbd8,0x00000000e6d80000)
  to   space 15360K, 0% used [0x00000000e7600000,0x00000000e7600000,0x00000000e8500000)
 ParOldGen       total 83456K, used 35140K [0x00000000a0000000, 0x00000000a5180000, 0x00000000e0000000)
  object space 83456K, 42% used [0x00000000a0000000,0x00000000a2251298,0x00000000a5180000)
 Metaspace       used 63962K, capacity 66068K, committed 66176K, reserved 1105920K
  class space    used 8584K, capacity 9048K, committed 9088K, reserved 1048576K
}
Event: 61.844 GC heap before
{Heap before GC invocations=21 (full 3):
 PSYoungGen      total 112128K, used 105522K [0x00000000e0000000, 0x00000000e8500000, 0x0000000100000000)
  eden space 96768K, 100% used [0x00000000e0000000,0x00000000e5e80000,0x00000000e5e80000)
  from space 15360K, 56% used [0x00000000e5e80000,0x00000000e670cbd8,0x00000000e6d80000)
  to   space 15360K, 0% used [0x00000000e7600000,0x00000000e7600000,0x00000000e8500000)
 ParOldGen       total 83456K, used 35140K [0x00000000a0000000, 0x00000000a5180000, 0x00000000e0000000)
  object space 83456K, 42% used [0x00000000a0000000,0x00000000a2251298,0x00000000a5180000)
 Metaspace       used 67751K, capacity 70252K, committed 70400K, reserved 1110016K
  class space    used 9136K, capacity 9617K, committed 9728K, reserved 1048576K
Event: 61.864 GC heap after
Heap after GC invocations=21 (full 3):
 PSYoungGen      total 119808K, used 12276K [0x00000000e0000000, 0x00000000e8700000, 0x0000000100000000)
  eden space 104448K, 0% used [0x00000000e0000000,0x00000000e0000000,0x00000000e6600000)
  from space 15360K, 79% used [0x00000000e7600000,0x00000000e81fd250,0x00000000e8500000)
  to   space 16384K, 0% used [0x00000000e6600000,0x00000000e6600000,0x00000000e7600000)
 ParOldGen       total 83456K, used 35148K [0x00000000a0000000, 0x00000000a5180000, 0x00000000e0000000)
  object space 83456K, 42% used [0x00000000a0000000,0x00000000a2253298,0x00000000a5180000)
 Metaspace       used 67751K, capacity 70252K, committed 70400K, reserved 1110016K
  class space    used 9136K, capacity 9617K, committed 9728K, reserved 1048576K
}
Event: 64.863 GC heap before
{Heap before GC invocations=22 (full 3):
 PSYoungGen      total 119808K, used 116724K [0x00000000e0000000, 0x00000000e8700000, 0x0000000100000000)
  eden space 104448K, 100% used [0x00000000e0000000,0x00000000e6600000,0x00000000e6600000)
  from space 15360K, 79% used [0x00000000e7600000,0x00000000e81fd250,0x00000000e8500000)
  to   space 16384K, 0% used [0x00000000e6600000,0x00000000e6600000,0x00000000e7600000)
 ParOldGen       total 83456K, used 35148K [0x00000000a0000000, 0x00000000a5180000, 0x00000000e0000000)
  object space 83456K, 42% used [0x00000000a0000000,0x00000000a2253298,0x00000000a5180000)
 Metaspace       used 72308K, capacity 75284K, committed 75392K, reserved 1114112K
  class space    used 9707K, capacity 10267K, committed 10368K, reserved 1048576K
Event: 64.982 GC heap after
Heap after GC invocations=22 (full 3):
 PSYoungGen      total 120832K, used 16375K [0x00000000e0000000, 0x00000000e9900000, 0x0000000100000000)
  eden space 104448K, 0% used [0x00000000e0000000,0x00000000e0000000,0x00000000e6600000)
  from space 16384K, 99% used [0x00000000e6600000,0x00000000e75fde38,0x00000000e7600000)
  to   space 19968K, 0% used [0x00000000e8580000,0x00000000e8580000,0x00000000e9900000)
 ParOldGen       total 83456K, used 38425K [0x00000000a0000000, 0x00000000a5180000, 0x00000000e0000000)
  object space 83456K, 46% used [0x00000000a0000000,0x00000000a25867a0,0x00000000a5180000)
 Metaspace       used 72308K, capacity 75284K, committed 75392K, reserved 1114112K
  class space    used 9707K, capacity 10267K, committed 10368K, reserved 1048576K
}

Deoptimization events (10 events):
Event: 72.775 Thread 0x0000000019764000 Uncommon trap: reason=class_check action=maybe_recompile pc=0x0000000002cf46ec method=com.google.common.io.CountingInputStream.read([BII)I @ 7
Event: 72.776 Thread 0x0000000019764000 Uncommon trap: reason=class_check action=maybe_recompile pc=0x0000000002cf46ec method=com.google.common.io.CountingInputStream.read([BII)I @ 7
Event: 72.777 Thread 0x0000000019764000 Uncommon trap: reason=class_check action=maybe_recompile pc=0x0000000002cf46ec method=com.google.common.io.CountingInputStream.read([BII)I @ 7
Event: 72.919 Thread 0x0000000019764000 Uncommon trap: reason=predicate action=maybe_recompile pc=0x0000000002fef480 method=java.util.Collections.indexedBinarySearch(Ljava/util/List;Ljava/lang/Object;)I @ 16
Event: 73.102 Thread 0x0000000019764000 Uncommon trap: reason=unloaded action=reinterpret pc=0x0000000003ac8ebc method=sun.reflect.generics.factory.CoreReflectionFactory.makeNamedType(Ljava/lang/String;)Ljava/lang/reflect/Type; @ 11
Event: 73.220 Thread 0x0000000019764000 Uncommon trap: reason=unstable_if action=reinterpret pc=0x0000000003327ee8 method=org.codehaus.groovy.runtime.metaclass.MetaMethodIndex.addMethodToList(Ljava/lang/Object;Lgroovy/lang/MetaMethod;)Ljava/lang/Object; @ 256
Event: 73.579 Thread 0x0000000019764000 Uncommon trap: reason=unstable_if action=reinterpret pc=0x000000000373bf90 method=com.amazon.ion.impl.bin.IonRawBinaryWriter$RecyclingStack.isEmpty()Z @ 4
Event: 73.748 Thread 0x0000000019764000 Uncommon trap: reason=unstable_if action=reinterpret pc=0x0000000003627754 method=java.lang.reflect.Proxy.isProxyClass(Ljava/lang/Class;)Z @ 16
Event: 73.751 Thread 0x0000000019764000 Uncommon trap: reason=unstable_if action=reinterpret pc=0x0000000002bf2ae4 method=java.lang.reflect.Proxy.isProxyClass(Ljava/lang/Class;)Z @ 6
Event: 73.751 Thread 0x0000000019764000 Uncommon trap: reason=unstable_if action=reinterpret pc=0x0000000002f5ef68 method=java.lang.reflect.Proxy.isProxyClass(Ljava/lang/Class;)Z @ 6

Classes redefined (0 events):
No events

Internal exceptions (10 events):
Event: 73.251 Thread 0x0000000019764000 Exception <a 'java/lang/ClassNotFoundException': java/lang/SystemBeanInfo> (0x00000000e46cdb60) thrown at [C:\src\AOSP-openjdk-git\hotspot\src\share\vm\classfile\systemDictionary.cpp, line 210]
Event: 73.251 Thread 0x0000000019764000 Exception <a 'java/lang/ClassNotFoundException': java/lang/SystemCustomizer> (0x00000000e46d5468) thrown at [C:\src\AOSP-openjdk-git\hotspot\src\share\vm\classfile\systemDictionary.cpp, line 210]
Event: 73.279 Thread 0x0000000019764000 Exception <a 'java/lang/ClassNotFoundException': org/gradle/api/tasks/SourceSetBeanInfo> (0x00000000e47a53a0) thrown at [C:\src\AOSP-openjdk-git\hotspot\src\share\vm\classfile\systemDictionary.cpp, line 210]
Event: 73.281 Thread 0x0000000019764000 Exception <a 'java/lang/ClassNotFoundException': org/gradle/api/tasks/SourceSetCustomizer> (0x00000000e47c46a0) thrown at [C:\src\AOSP-openjdk-git\hotspot\src\share\vm\classfile\systemDictionary.cpp, line 210]
Event: 73.286 Thread 0x0000000019764000 Exception <a 'java/lang/ClassNotFoundException': java/util/LinkedHashMapBeanInfo> (0x00000000e4842908) thrown at [C:\src\AOSP-openjdk-git\hotspot\src\share\vm\classfile\systemDictionary.cpp, line 210]
Event: 73.286 Thread 0x0000000019764000 Exception <a 'java/lang/ClassNotFoundException': java/util/HashMapBeanInfo> (0x00000000e484a250) thrown at [C:\src\AOSP-openjdk-git\hotspot\src\share\vm\classfile\systemDictionary.cpp, line 210]
Event: 73.287 Thread 0x0000000019764000 Exception <a 'java/lang/ClassNotFoundException': java/util/AbstractMapBeanInfo> (0x00000000e4852b88) thrown at [C:\src\AOSP-openjdk-git\hotspot\src\share\vm\classfile\systemDictionary.cpp, line 210]
Event: 73.290 Thread 0x0000000019764000 Exception <a 'java/lang/ClassNotFoundException': java/util/AbstractMapCustomizer> (0x00000000e485b540) thrown at [C:\src\AOSP-openjdk-git\hotspot\src\share\vm\classfile\systemDictionary.cpp, line 210]
Event: 73.291 Thread 0x0000000019764000 Exception <a 'java/lang/ClassNotFoundException': java/util/HashMapCustomizer> (0x00000000e486fd40) thrown at [C:\src\AOSP-openjdk-git\hotspot\src\share\vm\classfile\systemDictionary.cpp, line 210]
Event: 73.294 Thread 0x0000000019764000 Exception <a 'java/lang/ClassNotFoundException': java/util/LinkedHashMapCustomizer> (0x00000000e48969a0) thrown at [C:\src\AOSP-openjdk-git\hotspot\src\share\vm\classfile\systemDictionary.cpp, line 210]

Events (10 events):
Event: 73.912 loading class com/google/common/collect/SetMultimap
Event: 73.912 loading class com/google/common/collect/SetMultimap done
Event: 73.929 loading class com/google/common/collect/ImmutableMultimap
Event: 73.929 loading class com/google/common/collect/ImmutableMultimap done
Event: 73.938 loading class com/google/common/collect/BaseImmutableMultimap
Event: 73.938 loading class com/google/common/collect/BaseImmutableMultimap done
Event: 73.968 loading class com/google/common/collect/ImmutableMap$SerializedForm
Event: 73.968 loading class com/google/common/collect/ImmutableMap$SerializedForm done
Event: 73.981 loading class com/google/common/collect/ImmutableSet$SerializedForm
Event: 73.981 loading class com/google/common/collect/ImmutableSet$SerializedForm done


Dynamic libraries:
0x00007ff7b2230000 - 0x00007ff7b2261000 	C:\Program Files\Android\Android Studio\jre\bin\java.exe
0x00007fff7e820000 - 0x00007fff7ea10000 	C:\WINDOWS\SYSTEM32\ntdll.dll
0x00007fff7db70000 - 0x00007fff7dc22000 	C:\WINDOWS\System32\KERNEL32.DLL
0x00007fff7b7d0000 - 0x00007fff7ba75000 	C:\WINDOWS\System32\KERNELBASE.dll
0x00007fff7cef0000 - 0x00007fff7cf93000 	C:\WINDOWS\System32\ADVAPI32.dll
0x00007fff7d4f0000 - 0x00007fff7d58e000 	C:\WINDOWS\System32\msvcrt.dll
0x00007fff7e740000 - 0x00007fff7e7d7000 	C:\WINDOWS\System32\sechost.dll
0x00007fff7dc50000 - 0x00007fff7dd70000 	C:\WINDOWS\System32\RPCRT4.dll
0x00007fff7c8d0000 - 0x00007fff7ca65000 	C:\WINDOWS\System32\USER32.dll
0x00007fff7c3d0000 - 0x00007fff7c3f1000 	C:\WINDOWS\System32\win32u.dll
0x00007fff7d590000 - 0x00007fff7d5b6000 	C:\WINDOWS\System32\GDI32.dll
0x00007fff7c4a0000 - 0x00007fff7c636000 	C:\WINDOWS\System32\gdi32full.dll
0x00007fff7c400000 - 0x00007fff7c49e000 	C:\WINDOWS\System32\msvcp_win.dll
0x00007fff7c2d0000 - 0x00007fff7c3ca000 	C:\WINDOWS\System32\ucrtbase.dll
0x00007fff7ab70000 - 0x00007fff7adf4000 	C:\WINDOWS\WinSxS\amd64_microsoft.windows.common-controls_6595b64144ccf1df_6.0.18362.1082_none_9e8193e1e45b25c1\COMCTL32.dll
0x00007fff7d5d0000 - 0x00007fff7d905000 	C:\WINDOWS\System32\combase.dll
0x00007fff7ba80000 - 0x00007fff7bb00000 	C:\WINDOWS\System32\bcryptPrimitives.dll
0x00007fff7ca70000 - 0x00007fff7ca9e000 	C:\WINDOWS\System32\IMM32.DLL
0x0000000055a80000 - 0x0000000055b52000 	C:\Program Files\Android\Android Studio\jre\jre\bin\msvcr100.dll
0x0000000055b60000 - 0x00000000563ab000 	C:\Program Files\Android\Android Studio\jre\jre\bin\server\jvm.dll
0x00007fff7cb80000 - 0x00007fff7cb88000 	C:\WINDOWS\System32\PSAPI.DLL
0x00007fff71cb0000 - 0x00007fff71cba000 	C:\WINDOWS\SYSTEM32\VERSION.dll
0x00007fff78d20000 - 0x00007fff78d44000 	C:\WINDOWS\SYSTEM32\WINMM.dll
0x00007fff74250000 - 0x00007fff74259000 	C:\WINDOWS\SYSTEM32\WSOCK32.dll
0x00007fff7cce0000 - 0x00007fff7cd4f000 	C:\WINDOWS\System32\WS2_32.dll
0x00007fff78b10000 - 0x00007fff78b3d000 	C:\WINDOWS\SYSTEM32\winmmbase.dll
0x00007fff7c280000 - 0x00007fff7c2ca000 	C:\WINDOWS\System32\cfgmgr32.dll
0x00007fff771e0000 - 0x00007fff771ef000 	C:\Program Files\Android\Android Studio\jre\jre\bin\verify.dll
0x00007fff70ec0000 - 0x00007fff70ee9000 	C:\Program Files\Android\Android Studio\jre\jre\bin\java.dll
0x00007fff74cb0000 - 0x00007fff74cc6000 	C:\Program Files\Android\Android Studio\jre\jre\bin\zip.dll
0x00007fff7e050000 - 0x00007fff7e737000 	C:\WINDOWS\System32\SHELL32.dll
0x00007fff7d910000 - 0x00007fff7d9b9000 	C:\WINDOWS\System32\shcore.dll
0x00007fff7bb00000 - 0x00007fff7c280000 	C:\WINDOWS\System32\windows.storage.dll
0x00007fff7b780000 - 0x00007fff7b7a3000 	C:\WINDOWS\System32\profapi.dll
0x00007fff7b6f0000 - 0x00007fff7b73a000 	C:\WINDOWS\System32\powrprof.dll
0x00007fff7b6e0000 - 0x00007fff7b6f0000 	C:\WINDOWS\System32\UMPDC.dll
0x00007fff7dd70000 - 0x00007fff7ddc2000 	C:\WINDOWS\System32\shlwapi.dll
0x00007fff7b740000 - 0x00007fff7b751000 	C:\WINDOWS\System32\kernel.appcore.dll
0x00007fff7b7b0000 - 0x00007fff7b7c7000 	C:\WINDOWS\System32\cryptsp.dll
0x00007fff73f90000 - 0x00007fff73faa000 	C:\Program Files\Android\Android Studio\jre\jre\bin\net.dll
0x00007fff7a850000 - 0x00007fff7a8b7000 	C:\WINDOWS\system32\mswsock.dll
0x00007fff73ed0000 - 0x00007fff73ee3000 	C:\Program Files\Android\Android Studio\jre\jre\bin\nio.dll
0x00007fff68170000 - 0x00007fff68196000 	C:\Users\Kency\.gradle\native\29\windows-amd64\native-platform.dll
0x00007fff74f90000 - 0x00007fff74f9d000 	C:\Program Files\Android\Android Studio\jre\jre\bin\management.dll
0x00007fff7a3c0000 - 0x00007fff7a3f3000 	C:\WINDOWS\system32\rsaenh.dll
0x00007fff7c840000 - 0x00007fff7c866000 	C:\WINDOWS\System32\bcrypt.dll
0x00007fff7b600000 - 0x00007fff7b625000 	C:\WINDOWS\SYSTEM32\USERENV.dll
0x00007fff7aa20000 - 0x00007fff7aa2c000 	C:\WINDOWS\SYSTEM32\CRYPTBASE.dll
0x00007fff7a560000 - 0x00007fff7a59a000 	C:\WINDOWS\SYSTEM32\IPHLPAPI.DLL
0x00007fff7d070000 - 0x00007fff7d078000 	C:\WINDOWS\System32\NSI.dll
0x00007fff73b10000 - 0x00007fff73b26000 	C:\WINDOWS\SYSTEM32\dhcpcsvc6.DLL
0x00007fff73a00000 - 0x00007fff73a1c000 	C:\WINDOWS\SYSTEM32\dhcpcsvc.DLL
0x00007fff7a5a0000 - 0x00007fff7a66b000 	C:\WINDOWS\SYSTEM32\DNSAPI.dll
0x00007fff69a50000 - 0x00007fff69a74000 	C:\Program Files\Android\Android Studio\jre\jre\bin\sunec.dll
0x00007fff73420000 - 0x00007fff7342a000 	C:\Windows\System32\rasadhlp.dll
0x00007fff72ce0000 - 0x00007fff72d57000 	C:\WINDOWS\System32\fwpuclnt.dll
0x00007fff77020000 - 0x00007fff7702b000 	C:\Program Files\Android\Android Studio\jre\jre\bin\sunmscapi.dll
0x00007fff7c640000 - 0x00007fff7c789000 	C:\WINDOWS\System32\CRYPT32.dll
0x00007fff7b760000 - 0x00007fff7b772000 	C:\WINDOWS\System32\MSASN1.dll

VM Arguments:
jvm_args: -Xmx1536m -Dfile.encoding=windows-1252 -Duser.country=FR -Duser.language=fr -Duser.variant 
java_command: org.gradle.launcher.daemon.bootstrap.GradleDaemon 5.4.1
java_class_path (initial): C:\Users\Kency\.gradle\wrapper\dists\gradle-5.4.1-all\3221gyojl5jsh0helicew7rwx\gradle-5.4.1\lib\gradle-launcher-5.4.1.jar
Launcher Type: SUN_STANDARD

Environment Variables:
PATH=C:\Program Files (x86)\Common Files\Oracle\Java\javapath;C:\WINDOWS\system32;C:\WINDOWS;C:\WINDOWS\System32\Wbem;C:\WINDOWS\System32\WindowsPowerShell\v1.0\;C:\WINDOWS\System32\OpenSSH\;C:\Program Files\dotnet\;C:\Program Files\Microsoft SQL Server\130\Tools\Binn\;C:\Program Files\Microsoft SQL Server\Client SDK\ODBC\170\Tools\Binn\;C:\Program Files\Git\cmd;C:\Program Files\nodejs\;C:\ProgramData\Microsoft\Windows\Start Menu\Programs\Node.js;C:\Users\Kency\AppData\Local\Microsoft\WindowsApps;C:\Users\Kency\AppData\Roaming\npm;C:\ProgramData\Microsoft\Windows\Start Menu\Programs\Node.js;
USERNAME=Kency
OS=Windows_NT
PROCESSOR_IDENTIFIER=AMD64 Family 23 Model 17 Stepping 0, AuthenticAMD



---------------  S Y S T E M  ---------------

OS: Windows 10.0 , 64 bit Build 18362 (10.0.18362.1082)

CPU:total 8 (initial active 8) (8 cores per cpu, 1 threads per core) family 23 model 17 stepping 0, cmov, cx8, fxsr, mmx, sse, sse2, sse3, ssse3, sse4.1, sse4.2, popcnt, avx, avx2, aes, clmul, mmxext, 3dnowpref, lzcnt, sse4a, tsc, tscinvbit, tscinv, bmi1

Memory: 4k page, physical 3568208k(144572k free), swap 14578256k(7680k free)

vm_info: OpenJDK 64-Bit Server VM (25.242-b01) for windows-amd64 JRE (1.8.0_242-release-1644-b01), built by "builder" with MS VC++ 10.0 (VS2010)

time: Mon Oct 12 15:19:48 2020
timezone: Paris, Madrid (heure d’été)
elapsed time: 74 seconds (0d 0h 1m 14s)

